c:\users\jiaqi\desktop\study\ss23\520\starter-csci520-assign1\bin\release\vc143.pdb
c:\users\jiaqi\desktop\study\ss23\520\starter-csci520-assign1\bin\release\createworld.obj
c:\users\jiaqi\desktop\study\ss23\520\starter-csci520-assign1\bin\release\createworld.ipdb
c:\users\jiaqi\desktop\study\ss23\520\starter-csci520-assign1\bin\release\createworld.iobj
c:\users\jiaqi\desktop\study\ss23\520\starter-csci520-assign1\bin\release\createworld.exe
c:\users\jiaqi\desktop\study\ss23\520\starter-csci520-assign1\bin\release\createworld.pdb
c:\users\jiaqi\desktop\study\ss23\520\starter-csci520-assign1\bin\release\input.obj
c:\users\jiaqi\desktop\study\ss23\520\starter-csci520-assign1\bin\release\jello.obj
c:\users\jiaqi\desktop\study\ss23\520\starter-csci520-assign1\bin\release\physics.obj
c:\users\jiaqi\desktop\study\ss23\520\starter-csci520-assign1\bin\release\pic.obj
c:\users\jiaqi\desktop\study\ss23\520\starter-csci520-assign1\bin\release\ppm.obj
c:\users\jiaqi\desktop\study\ss23\520\starter-csci520-assign1\bin\release\showcube.obj
c:\users\jiaqi\desktop\study\ss23\520\starter-csci520-assign1\bin\release\jello.ipdb
c:\users\jiaqi\desktop\study\ss23\520\starter-csci520-assign1\bin\release\jello.iobj
c:\users\jiaqi\desktop\study\ss23\520\starter-csci520-assign1\bin\release\jello.pdb
c:\users\jiaqi\desktop\study\ss23\520\starter-csci520-assign1\\bin\release\createworld.vcxproj.filelistabsolute.txt
c:\users\jiaqi\desktop\study\ss23\520\starter-csci520-assign1\bin\release\createworld.tlog\cl.command.1.tlog
c:\users\jiaqi\desktop\study\ss23\520\starter-csci520-assign1\bin\release\createworld.tlog\cl.read.1.tlog
c:\users\jiaqi\desktop\study\ss23\520\starter-csci520-assign1\bin\release\createworld.tlog\cl.write.1.tlog
c:\users\jiaqi\desktop\study\ss23\520\starter-csci520-assign1\bin\release\createworld.tlog\createworld.write.1u.tlog
c:\users\jiaqi\desktop\study\ss23\520\starter-csci520-assign1\bin\release\createworld.tlog\link.command.1.tlog
c:\users\jiaqi\desktop\study\ss23\520\starter-csci520-assign1\bin\release\createworld.tlog\link.read.1.tlog
c:\users\jiaqi\desktop\study\ss23\520\starter-csci520-assign1\bin\release\createworld.tlog\link.write.1.tlog
