C:\Program Files\Microsoft Visual Studio\2022\Community\MSBuild\Microsoft\VC\v170\Microsoft.CppBuild.targets(534,5): warning MSB8028: The intermediate directory (C:\Users\Jiaqi\Desktop\Study\SS23\520\starter-csci520-assign1\\Bin\Debug\) contains files shared from another project (createWorld.vcxproj).  This can lead to incorrect clean and rebuild behavior.
  input.cpp
  jello.cpp
C:\Users\Jiaqi\Desktop\Study\SS23\520\starter-csci520-assign1\jello.cpp(135,49): warning C4305: 'initializing': truncation from 'double' to 'GLfloat'
C:\Users\Jiaqi\Desktop\Study\SS23\520\starter-csci520-assign1\jello.cpp(136,48): warning C4305: 'initializing': truncation from 'double' to 'GLfloat'
C:\Users\Jiaqi\Desktop\Study\SS23\520\starter-csci520-assign1\jello.cpp(137,47): warning C4305: 'initializing': truncation from 'double' to 'GLfloat'
C:\Users\Jiaqi\Desktop\Study\SS23\520\starter-csci520-assign1\jello.cpp(138,48): warning C4305: 'initializing': truncation from 'double' to 'GLfloat'
C:\Users\Jiaqi\Desktop\Study\SS23\520\starter-csci520-assign1\jello.cpp(139,48): warning C4305: 'initializing': truncation from 'double' to 'GLfloat'
C:\Users\Jiaqi\Desktop\Study\SS23\520\starter-csci520-assign1\jello.cpp(140,47): warning C4305: 'initializing': truncation from 'double' to 'GLfloat'
C:\Users\Jiaqi\Desktop\Study\SS23\520\starter-csci520-assign1\jello.cpp(141,46): warning C4305: 'initializing': truncation from 'double' to 'GLfloat'
C:\Users\Jiaqi\Desktop\Study\SS23\520\starter-csci520-assign1\jello.cpp(142,47): warning C4305: 'initializing': truncation from 'double' to 'GLfloat'
C:\Users\Jiaqi\Desktop\Study\SS23\520\starter-csci520-assign1\jello.cpp(147,40): warning C4305: 'initializing': truncation from 'double' to 'GLfloat'
C:\Users\Jiaqi\Desktop\Study\SS23\520\starter-csci520-assign1\jello.cpp(198,7): warning C4101: 'i': unreferenced local variable
  physics.cpp
  pic.cpp
C:\Users\Jiaqi\Desktop\Study\SS23\520\starter-csci520-assign1\pic.cpp(52,17): warning C4101: 'byte': unreferenced local variable
C:\Users\Jiaqi\Desktop\Study\SS23\520\starter-csci520-assign1\pic.cpp(53,9): warning C4101: 'i': unreferenced local variable
  ppm.cpp
  showCube.cpp
C:\Users\Jiaqi\Desktop\Study\SS23\520\starter-csci520-assign1\showCube.cpp(91,81): warning C4244: 'argument': conversion from 'double' to 'GLfloat', possible loss of data
C:\Users\Jiaqi\Desktop\Study\SS23\520\starter-csci520-assign1\showCube.cpp(91,61): warning C4244: 'argument': conversion from 'double' to 'GLfloat', possible loss of data
C:\Users\Jiaqi\Desktop\Study\SS23\520\starter-csci520-assign1\showCube.cpp(91,41): warning C4244: 'argument': conversion from 'double' to 'GLfloat', possible loss of data
C:\Users\Jiaqi\Desktop\Study\SS23\520\starter-csci520-assign1\showCube.cpp(103,13): warning C4244: 'argument': conversion from 'double' to 'GLfloat', possible loss of data
C:\Users\Jiaqi\Desktop\Study\SS23\520\starter-csci520-assign1\showCube.cpp(104,13): warning C4244: 'argument': conversion from 'double' to 'GLfloat', possible loss of data
C:\Users\Jiaqi\Desktop\Study\SS23\520\starter-csci520-assign1\showCube.cpp(105,13): warning C4244: 'argument': conversion from 'double' to 'GLfloat', possible loss of data
C:\Users\Jiaqi\Desktop\Study\SS23\520\starter-csci520-assign1\showCube.cpp(106,13): warning C4244: 'argument': conversion from 'double' to 'GLfloat', possible loss of data
C:\Users\Jiaqi\Desktop\Study\SS23\520\starter-csci520-assign1\showCube.cpp(107,13): warning C4244: 'argument': conversion from 'double' to 'GLfloat', possible loss of data
C:\Users\Jiaqi\Desktop\Study\SS23\520\starter-csci520-assign1\showCube.cpp(108,13): warning C4244: 'argument': conversion from 'double' to 'GLfloat', possible loss of data
C:\Users\Jiaqi\Desktop\Study\SS23\520\starter-csci520-assign1\showCube.cpp(115,13): warning C4244: 'argument': conversion from 'double' to 'GLfloat', possible loss of data
C:\Users\Jiaqi\Desktop\Study\SS23\520\starter-csci520-assign1\showCube.cpp(116,13): warning C4244: 'argument': conversion from 'double' to 'GLfloat', possible loss of data
C:\Users\Jiaqi\Desktop\Study\SS23\520\starter-csci520-assign1\showCube.cpp(117,13): warning C4244: 'argument': conversion from 'double' to 'GLfloat', possible loss of data
C:\Users\Jiaqi\Desktop\Study\SS23\520\starter-csci520-assign1\showCube.cpp(118,13): warning C4244: 'argument': conversion from 'double' to 'GLfloat', possible loss of data
C:\Users\Jiaqi\Desktop\Study\SS23\520\starter-csci520-assign1\showCube.cpp(119,13): warning C4244: 'argument': conversion from 'double' to 'GLfloat', possible loss of data
C:\Users\Jiaqi\Desktop\Study\SS23\520\starter-csci520-assign1\showCube.cpp(120,13): warning C4244: 'argument': conversion from 'double' to 'GLfloat', possible loss of data
C:\Users\Jiaqi\Desktop\Study\SS23\520\starter-csci520-assign1\showCube.cpp(121,13): warning C4244: 'argument': conversion from 'double' to 'GLfloat', possible loss of data
C:\Users\Jiaqi\Desktop\Study\SS23\520\starter-csci520-assign1\showCube.cpp(122,13): warning C4244: 'argument': conversion from 'double' to 'GLfloat', possible loss of data
C:\Users\Jiaqi\Desktop\Study\SS23\520\starter-csci520-assign1\showCube.cpp(123,13): warning C4244: 'argument': conversion from 'double' to 'GLfloat', possible loss of data
C:\Users\Jiaqi\Desktop\Study\SS23\520\starter-csci520-assign1\showCube.cpp(124,13): warning C4244: 'argument': conversion from 'double' to 'GLfloat', possible loss of data
C:\Users\Jiaqi\Desktop\Study\SS23\520\starter-csci520-assign1\showCube.cpp(125,13): warning C4244: 'argument': conversion from 'double' to 'GLfloat', possible loss of data
C:\Users\Jiaqi\Desktop\Study\SS23\520\starter-csci520-assign1\showCube.cpp(126,13): warning C4244: 'argument': conversion from 'double' to 'GLfloat', possible loss of data
C:\Users\Jiaqi\Desktop\Study\SS23\520\starter-csci520-assign1\showCube.cpp(128,13): warning C4244: 'argument': conversion from 'double' to 'GLfloat', possible loss of data
C:\Users\Jiaqi\Desktop\Study\SS23\520\starter-csci520-assign1\showCube.cpp(129,13): warning C4244: 'argument': conversion from 'double' to 'GLfloat', possible loss of data
C:\Users\Jiaqi\Desktop\Study\SS23\520\starter-csci520-assign1\showCube.cpp(130,13): warning C4244: 'argument': conversion from 'double' to 'GLfloat', possible loss of data
C:\Users\Jiaqi\Desktop\Study\SS23\520\starter-csci520-assign1\showCube.cpp(131,13): warning C4244: 'argument': conversion from 'double' to 'GLfloat', possible loss of data
C:\Users\Jiaqi\Desktop\Study\SS23\520\starter-csci520-assign1\showCube.cpp(132,13): warning C4244: 'argument': conversion from 'double' to 'GLfloat', possible loss of data
C:\Users\Jiaqi\Desktop\Study\SS23\520\starter-csci520-assign1\showCube.cpp(133,13): warning C4244: 'argument': conversion from 'double' to 'GLfloat', possible loss of data
C:\Users\Jiaqi\Desktop\Study\SS23\520\starter-csci520-assign1\showCube.cpp(134,13): warning C4244: 'argument': conversion from 'double' to 'GLfloat', possible loss of data
C:\Users\Jiaqi\Desktop\Study\SS23\520\starter-csci520-assign1\showCube.cpp(135,13): warning C4244: 'argument': conversion from 'double' to 'GLfloat', possible loss of data
C:\Users\Jiaqi\Desktop\Study\SS23\520\starter-csci520-assign1\showCube.cpp(142,13): warning C4244: 'argument': conversion from 'double' to 'GLfloat', possible loss of data
C:\Users\Jiaqi\Desktop\Study\SS23\520\starter-csci520-assign1\showCube.cpp(143,13): warning C4244: 'argument': conversion from 'double' to 'GLfloat', possible loss of data
C:\Users\Jiaqi\Desktop\Study\SS23\520\starter-csci520-assign1\showCube.cpp(144,13): warning C4244: 'argument': conversion from 'double' to 'GLfloat', possible loss of data
C:\Users\Jiaqi\Desktop\Study\SS23\520\starter-csci520-assign1\showCube.cpp(145,13): warning C4244: 'argument': conversion from 'double' to 'GLfloat', possible loss of data
C:\Users\Jiaqi\Desktop\Study\SS23\520\starter-csci520-assign1\showCube.cpp(146,13): warning C4244: 'argument': conversion from 'double' to 'GLfloat', possible loss of data
C:\Users\Jiaqi\Desktop\Study\SS23\520\starter-csci520-assign1\showCube.cpp(147,13): warning C4244: 'argument': conversion from 'double' to 'GLfloat', possible loss of data
C:\Users\Jiaqi\Desktop\Study\SS23\520\starter-csci520-assign1\showCube.cpp(218,30): warning C4244: 'argument': conversion from 'double' to 'GLfloat', possible loss of data
C:\Users\Jiaqi\Desktop\Study\SS23\520\starter-csci520-assign1\showCube.cpp(217,70): warning C4244: 'argument': conversion from 'double' to 'GLfloat', possible loss of data
C:\Users\Jiaqi\Desktop\Study\SS23\520\starter-csci520-assign1\showCube.cpp(217,39): warning C4244: 'argument': conversion from 'double' to 'GLfloat', possible loss of data
C:\Users\Jiaqi\Desktop\Study\SS23\520\starter-csci520-assign1\showCube.cpp(219,74): warning C4244: 'argument': conversion from 'double' to 'GLfloat', possible loss of data
C:\Users\Jiaqi\Desktop\Study\SS23\520\starter-csci520-assign1\showCube.cpp(219,56): warning C4244: 'argument': conversion from 'double' to 'GLfloat', possible loss of data
C:\Users\Jiaqi\Desktop\Study\SS23\520\starter-csci520-assign1\showCube.cpp(219,38): warning C4244: 'argument': conversion from 'double' to 'GLfloat', possible loss of data
C:\Users\Jiaqi\Desktop\Study\SS23\520\starter-csci520-assign1\showCube.cpp(221,32): warning C4244: 'argument': conversion from 'double' to 'GLfloat', possible loss of data
C:\Users\Jiaqi\Desktop\Study\SS23\520\starter-csci520-assign1\showCube.cpp(220,75): warning C4244: 'argument': conversion from 'double' to 'GLfloat', possible loss of data
C:\Users\Jiaqi\Desktop\Study\SS23\520\starter-csci520-assign1\showCube.cpp(220,41): warning C4244: 'argument': conversion from 'double' to 'GLfloat', possible loss of data
C:\Users\Jiaqi\Desktop\Study\SS23\520\starter-csci520-assign1\showCube.cpp(222,80): warning C4244: 'argument': conversion from 'double' to 'GLfloat', possible loss of data
C:\Users\Jiaqi\Desktop\Study\SS23\520\starter-csci520-assign1\showCube.cpp(222,60): warning C4244: 'argument': conversion from 'double' to 'GLfloat', possible loss of data
C:\Users\Jiaqi\Desktop\Study\SS23\520\starter-csci520-assign1\showCube.cpp(222,40): warning C4244: 'argument': conversion from 'double' to 'GLfloat', possible loss of data
C:\Users\Jiaqi\Desktop\Study\SS23\520\starter-csci520-assign1\showCube.cpp(237,26): warning C4305: 'argument': truncation from 'double' to 'GLfloat'
C:\Users\Jiaqi\Desktop\Study\SS23\520\starter-csci520-assign1\showCube.cpp(244,16): warning C4244: 'argument': conversion from 'int' to 'GLfloat', possible loss of data
C:\Users\Jiaqi\Desktop\Study\SS23\520\starter-csci520-assign1\showCube.cpp(245,16): warning C4244: 'argument': conversion from 'int' to 'GLfloat', possible loss of data
C:\Users\Jiaqi\Desktop\Study\SS23\520\starter-csci520-assign1\showCube.cpp(249,22): warning C4244: 'argument': conversion from 'int' to 'GLfloat', possible loss of data
C:\Users\Jiaqi\Desktop\Study\SS23\520\starter-csci520-assign1\showCube.cpp(250,21): warning C4244: 'argument': conversion from 'int' to 'GLfloat', possible loss of data
C:\Users\Jiaqi\Desktop\Study\SS23\520\starter-csci520-assign1\showCube.cpp(256,16): warning C4244: 'argument': conversion from 'int' to 'GLfloat', possible loss of data
C:\Users\Jiaqi\Desktop\Study\SS23\520\starter-csci520-assign1\showCube.cpp(257,16): warning C4244: 'argument': conversion from 'int' to 'GLfloat', possible loss of data
C:\Users\Jiaqi\Desktop\Study\SS23\520\starter-csci520-assign1\showCube.cpp(261,21): warning C4244: 'argument': conversion from 'int' to 'GLfloat', possible loss of data
C:\Users\Jiaqi\Desktop\Study\SS23\520\starter-csci520-assign1\showCube.cpp(262,20): warning C4244: 'argument': conversion from 'int' to 'GLfloat', possible loss of data
C:\Users\Jiaqi\Desktop\Study\SS23\520\starter-csci520-assign1\showCube.cpp(268,19): warning C4244: 'argument': conversion from 'int' to 'GLfloat', possible loss of data
C:\Users\Jiaqi\Desktop\Study\SS23\520\starter-csci520-assign1\showCube.cpp(269,19): warning C4244: 'argument': conversion from 'int' to 'GLfloat', possible loss of data
C:\Users\Jiaqi\Desktop\Study\SS23\520\starter-csci520-assign1\showCube.cpp(273,22): warning C4244: 'argument': conversion from 'int' to 'GLfloat', possible loss of data
C:\Users\Jiaqi\Desktop\Study\SS23\520\starter-csci520-assign1\showCube.cpp(274,21): warning C4244: 'argument': conversion from 'int' to 'GLfloat', possible loss of data
C:\Users\Jiaqi\Desktop\Study\SS23\520\starter-csci520-assign1\showCube.cpp(280,18): warning C4244: 'argument': conversion from 'int' to 'GLfloat', possible loss of data
C:\Users\Jiaqi\Desktop\Study\SS23\520\starter-csci520-assign1\showCube.cpp(281,18): warning C4244: 'argument': conversion from 'int' to 'GLfloat', possible loss of data
C:\Users\Jiaqi\Desktop\Study\SS23\520\starter-csci520-assign1\showCube.cpp(285,21): warning C4244: 'argument': conversion from 'int' to 'GLfloat', possible loss of data
C:\Users\Jiaqi\Desktop\Study\SS23\520\starter-csci520-assign1\showCube.cpp(286,20): warning C4244: 'argument': conversion from 'int' to 'GLfloat', possible loss of data
  Generating Code...
C:\Users\Jiaqi\Desktop\Study\SS23\520\starter-csci520-assign1\pic.cpp(137): warning C4715: 'pic_read': not all control paths return a value
C:\Users\Jiaqi\Desktop\Study\SS23\520\starter-csci520-assign1\pic.cpp(109): warning C4715: 'pic_get_size': not all control paths return a value
C:\Users\Jiaqi\Desktop\Study\SS23\520\starter-csci520-assign1\pic.cpp(163): warning C4715: 'pic_write': not all control paths return a value
  jello.vcxproj -> C:\Users\Jiaqi\Desktop\Study\SS23\520\starter-csci520-assign1\Bin\Debug\jello.exe
